<?xml version="1.0" encoding="UTF-8"?>
<!-- Generated by org.testng.reporters.JUnitXMLReporter -->
<testsuite hostname="DESKTOP-H02L9S3" ignored="0" name="MobileTest" tests="3" failures="0" timestamp="2020-05-09T19:56:40 IST" time="11.74" errors="0">
  <testcase name="verifyCurrentUrl" time="0.047" classname="com.accionlabs.test.mobile.HomePageMobileView"/>
  <testcase name="verifyHomepageLinks" time="2.398" classname="com.accionlabs.test.mobile.HomePageMobileView"/>
  <testcase name="verifyLogoDisplay" time="0.19" classname="com.accionlabs.test.mobile.HomePageMobileView"/>
</testsuite> <!-- MobileTest -->
